<?xml version="1.0" encoding="utf-8"?>
<test-run id="2" testcasecount="755" result="Failed(Child)" total="755" passed="753" failed="2" inconclusive="0" skipped="0" asserts="0" engine-version="3.5.0.0" clr-version="4.0.30319.42000" start-time="2026-09-06 17:06:07Z" end-time="2026-09-06 17:06:10Z" duration="3,0838244">
  <test-suite type="TestSuite" id="1000" name="Conquest of Hearthstone" fullname="Conquest of Hearthstone" runstate="Runnable" testcasecount="755" result="Failed" site="Child" start-time="2026-09-06 17:06:07Z" end-time="2026-09-06 17:06:10Z" duration="3.083824" total="755" passed="753" failed="2" inconclusive="0" skipped="0" asserts="0">
    <properties>
      <property name="platform" value="EditMode" />
    </properties>
    <failure>
      <message><![CDATA[One or more child tests had errors]]></message>
    </failure>
    <test-suite type="Assembly" id="1049" name="CoH.Tests.DataEditMode.dll" fullname="D:/Unity/ConquestOfHearthstone/Library/ScriptAssemblies/CoH.Tests.DataEditMode.dll" runstate="Runnable" testcasecount="44" result="Passed" start-time="2026-09-06 17:06:07Z" end-time="2026-09-06 17:06:07Z" duration="0.125257" total="44" passed="44" failed="0" inconclusive="0" skipped="0" asserts="0">
      <properties>
        <property name="_PID" value="27548" />
        <property name="_APPDOMAIN" value="Unity Child Domain" />
        <property name="platform" value="EditMode" />
        <property name="EditorOnly" value="True" />
      </properties>
      <test-suite type="TestSuite" id="1050" name="CoH" fullname="CoH" runstate="Runnable" testcasecount="44" result="Passed" start-time="2026-09-06 17:06:07Z" end-time="2026-09-06 17:06:07Z" duration="0.123550" total="44" passed="44" failed="0" inconclusive="0" skipped="0" asserts="0">
        <properties />
        <test-suite type="TestSuite" id="1051" name="Tests" fullname="CoH.Tests" runstate="Runnable" testcasecount="44" result="Passed" start-time="2026-09-06 17:06:07Z" end-time="2026-09-06 17:06:07Z" duration="0.122023" total="44" passed="44" failed="0" inconclusive="0" skipped="0" asserts="0">
          <properties />
          <test-suite type="TestSuite" id="1052" name="DataEditMode" fullname="CoH.Tests.DataEditMode" runstate="Runnable" testcasecount="44" result="Passed" start-time="2026-09-06 17:06:07Z" end-time="2026-09-06 17:06:07Z" duration="0.120538" total="44" passed="44" failed="0" inconclusive="0" skipped="0" asserts="0">
            <properties />
            <test-suite type="TestFixture" id="1001" name="ArtworkAndFingerprintTests" fullname="CoH.Tests.DataEditMode.ArtworkAndFingerprintTests" classname="CoH.Tests.DataEditMode.ArtworkAndFingerprintTests" runstate="Runnable" testcasecount="4" result="Passed" start-time="2026-09-06 17:06:07Z" end-time="2026-09-06 17:06:07Z" duration="0.045666" total="4" passed="4" failed="0" inconclusive="0" skipped="0" asserts="0">
              <properties />
              <test-case id="1002" name="A_runtime_definition_carries_no_unity_object_at_all" fullname="CoH.Tests.DataEditMode.ArtworkAndFingerprintTests.A_runtime_definition_carries_no_unity_object_at_all" methodname="A_runtime_definition_carries_no_unity_object_at_all" classname="CoH.Tests.DataEditMode.ArtworkAndFingerprintTests" runstate="Runnable" seed="1609112147" result="Passed" start-time="2026-09-06 17:06:07Z" end-time="2026-09-06 17:06:07Z" duration="0.008072" asserts="0">
                <properties>
                  <property name="retryIteration" value="0" />
                  <property name="repeatIteration" value="0" />
                </properties>
              </test-case>
              <test-case id="1005" name="The_authored_catalog_does_not_depend_on_the_order_it_was_listed_in" fullname="CoH.Tests.DataEditMode.ArtworkAndFingerprintTests.The_authored_catalog_does_not_depend_on_the_order_it_was_listed_in" methodname="The_authored_catalog_does_not_depend_on_the_order_it_was_listed_in" classname="CoH.Tests.DataEditMode.ArtworkAndFingerprintTests" runstate="Runnable" seed="1181109685" result="Passed" start-time="2026-09-06 17:06:07Z" end-time="2026-09-06 17:06:07Z" duration="0.013585" asserts="0">
                <properties>
                  <property name="retryIteration" value="0" />
                  <property name="repeatIteration" value="0" />
                </properties>
              </test-case>
              <test-case id="1004" name="The_authored_catalog_fingerprints_the_same_every_time_it_is_built" fullname="CoH.Tests.DataEditMode.ArtworkAndFingerprintTests.The_authored_catalog_fingerprints_the_same_every_time_it_is_built" methodname="The_authored_catalog_fingerprints_the_same_every_time_it_is_built" classname="CoH.Tests.DataEditMode.ArtworkAndFingerprintTests" runstate="Runnable" seed="1272171957" result="Passed" start-time="2026-09-06 17:06:07Z" end-time="2026-09-06 17:06:07Z" duration="0.008519" asserts="0">
                <properties>
                  <property name="retryIteration" value="0" />
                  <property name="repeatIteration" value="0" />
                </properties>
              </test-case>
              <test-case id="1003" name="The_authoring_asset_is_the_side_that_holds_the_artwork" fullname="CoH.Tests.DataEditMode.ArtworkAndFingerprintTests.The_authoring_asset_is_the_side_that_holds_the_artwork" methodname="The_authoring_asset_is_the_side_that_holds_the_artwork" classname="CoH.Tests.DataEditMode.ArtworkAndFingerprintTests" runstate="Runnable" seed="1140412398" result="Passed" start-time="2026-09-06 17:06:07Z" end-time="2026-09-06 17:06:07Z" duration="0.000547" asserts="0">
                <properties>
                  <property name="retryIteration" value="0" />
                  <property name="repeatIteration" value="0" />
                </properties>
              </test-case>
            </test-suite>
            <test-suite type="TestFixture" id="1006" name="CardDefinitionAssetTests" fullname="CoH.Tests.DataEditMode.CardDefinitionAssetTests" classname="CoH.Tests.DataEditMode.CardDefinitionAssetTests" runstate="Runnable" testcasecount="13" result="Passed" start-time="2026-09-06 17:06:07Z" end-time="2026-09-06 17:06:07Z" duration="0.026979" total="13" passed="13" failed="0" inconclusive="0" skipped="0" asserts="0">
              <properties />
              <test-case id="1015" name="A_badly_shaped_id_is_reported" fullname="CoH.Tests.DataEditMode.CardDefinitionAssetTests.A_badly_shaped_id_is_reported" methodname="A_badly_shaped_id_is_reported" classname="CoH.Tests.DataEditMode.CardDefinitionAssetTests" runstate="Runnable" seed="86283013" result="Passed" start-time="2026-09-06 17:06:07Z" end-time="2026-09-06 17:06:07Z" duration="0.004602" asserts="0">
                <properties>
                  <property name="retryIteration" value="0" />
                  <property name="repeatIteration" value="0" />
                </properties>
              </test-case>
              <test-case id="1019" name="A_card_with_no_type_is_reported" fullname="CoH.Tests.DataEditMode.CardDefinitionAssetTests.A_card_with_no_type_is_reported" methodname="A_card_with_no_type_is_reported" classname="CoH.Tests.DataEditMode.CardDefinitionAssetTests" runstate="Runnable" seed="84766178" result="Passed" start-time="2026-09-06 17:06:07Z" end-time="2026-09-06 17:06:07Z" duration="0.000686" asserts="0">
                <properties>
                  <property name="retryIteration" value="0" />
                  <property name="repeatIteration" value="0" />
                </properties>
              </test-case>
              <test-case id="1014" name="A_correctly_authored_card_reports_nothing" fullname="CoH.Tests.DataEditMode.CardDefinitionAssetTests.A_correctly_authored_card_reports_nothing" methodname="A_correctly_authored_card_reports_nothing" classname="CoH.Tests.DataEditMode.CardDefinitionAssetTests" runstate="Runnable" seed="817225092" result="Passed" start-time="2026-09-06 17:06:07Z" end-time="2026-09-06 17:06:07Z" duration="0.001243" asserts="0">
                <properties>
                  <property name="retryIteration" value="0" />
                  <property name="repeatIteration" value="0" />
                </properties>
              </test-case>
              <test-case id="1017" name="A_minion_without_health_is_reported" fullname="CoH.Tests.DataEditMode.CardDefinitionAssetTests.A_minion_without_health_is_reported" methodname="A_minion_without_health_is_reported" classname="CoH.Tests.DataEditMode.CardDefinitionAssetTests" runstate="Runnable" seed="15808665" result="Passed" start-time="2026-09-06 17:06:07Z" end-time="2026-09-06 17:06:07Z" duration="0.000686" asserts="0">
                <properties>
                  <property name="retryIteration" value="0" />
                  <property name="repeatIteration" value="0" />
                </properties>
              </test-case>
              <test-case id="1016" name="A_negative_cost_or_attack_is_reported" fullname="CoH.Tests.DataEditMode.CardDefinitionAssetTests.A_negative_cost_or_attack_is_reported" methodname="A_negative_cost_or_attack_is_reported" classname="CoH.Tests.DataEditMode.CardDefinitionAssetTests" runstate="Runnable" seed="1699642368" result="Passed" start-time="2026-09-06 17:06:07Z" end-time="2026-09-06 17:06:07Z" duration="0.001210" asserts="0">
                <properties>
                  <property name="retryIteration" value="0" />
                  <property name="repeatIteration" value="0" />
                </properties>
              </test-case>
              <test-case id="1018" name="A_spell_carrying_statistics_is_reported" fullname="CoH.Tests.DataEditMode.CardDefinitionAssetTests.A_spell_carrying_statistics_is_reported" methodname="A_spell_carrying_statistics_is_reported" classname="CoH.Tests.DataEditMode.CardDefinitionAssetTests" runstate="Runnable" seed="368624598" result="Passed" start-time="2026-09-06 17:06:07Z" end-time="2026-09-06 17:06:07Z" duration="0.000662" asserts="0">
                <properties>
                  <property name="retryIteration" value="0" />
                  <property name="repeatIteration" value="0" />
                </properties>
              </test-case>
              <test-case id="1013" name="An_empty_id_or_name_is_reported" fullname="CoH.Tests.DataEditMode.CardDefinitionAssetTests.An_empty_id_or_name_is_reported" methodname="An_empty_id_or_name_is_reported" classname="CoH.Tests.DataEditMode.CardDefinitionAssetTests" runstate="Runnable" seed="697302088" result="Passed" start-time="2026-09-06 17:06:07Z" end-time="2026-09-06 17:06:07Z" duration="0.001504" asserts="0">
                <properties>
                  <property name="retryIteration" value="0" />
                  <property name="repeatIteration" value="0" />
                </properties>
              </test-case>
              <test-case id="1011" name="Artwork_stays_on_the_unity_side" fullname="CoH.Tests.DataEditMode.CardDefinitionAssetTests.Artwork_stays_on_the_unity_side" methodname="Artwork_stays_on_the_unity_side" classname="CoH.Tests.DataEditMode.CardDefinitionAssetTests" runstate="Runnable" seed="1786951674" result="Passed" start-time="2026-09-06 17:06:07Z" end-time="2026-09-06 17:06:07Z" duration="0.000893" asserts="0">
                <properties>
                  <property name="retryIteration" value="0" />
                  <property name="repeatIteration" value="0" />
                </properties>
              </test-case>
              <test-case id="1007" name="Test_soldier_converts_field_for_field" fullname="CoH.Tests.DataEditMode.CardDefinitionAssetTests.Test_soldier_converts_field_for_field" methodname="Test_soldier_converts_field_for_field" classname="CoH.Tests.DataEditMode.CardDefinitionAssetTests" runstate="Runnable" seed="1623578015" result="Passed" start-time="2026-09-06 17:06:07Z" end-time="2026-09-06 17:06:07Z" duration="0.003673" asserts="0">
                <properties>
                  <property name="retryIteration" value="0" />
                  <property name="repeatIteration" value="0" />
                </properties>
              </test-case>
              <test-case id="1012" name="The_authored_cards_are_valid" fullname="CoH.Tests.DataEditMode.CardDefinitionAssetTests.The_authored_cards_are_valid" methodname="The_authored_cards_are_valid" classname="CoH.Tests.DataEditMode.CardDefinitionAssetTests" runstate="Runnable" seed="149469930" result="Passed" start-time="2026-09-06 17:06:07Z" end-time="2026-09-06 17:06:07Z" duration="0.001371" asserts="0">
                <properties>
                  <property name="retryIteration" value="0" />
                  <property name="repeatIteration" value="0" />
                </properties>
              </test-case>
              <test-case id="1008" name="The_coin_converts_as_a_non_collectible_spell" fullname="CoH.Tests.DataEditMode.CardDefinitionAssetTests.The_coin_converts_as_a_non_collectible_spell" methodname="The_coin_converts_as_a_non_collectible_spell" classname="CoH.Tests.DataEditMode.CardDefinitionAssetTests" runstate="Runnable" seed="1682076293" result="Passed" start-time="2026-09-06 17:06:07Z" end-time="2026-09-06 17:06:07Z" duration="0.000646" asserts="0">
                <properties>
                  <property name="retryIteration" value="0" />
                  <property name="repeatIteration" value="0" />
                </properties>
              </test-case>
              <test-case id="1009" name="The_coins_rules_text_is_carried_but_never_interpreted" fullname="CoH.Tests.DataEditMode.CardDefinitionAssetTests.The_coins_rules_text_is_carried_but_never_interpreted" methodname="The_coins_rules_text_is_carried_but_never_interpreted" classname="CoH.Tests.DataEditMode.CardDefinitionAssetTests" runstate="Runnable" seed="1560864282" result="Passed" start-time="2026-09-06 17:06:07Z" end-time="2026-09-06 17:06:07Z" duration="0.000282" asserts="0">
                <properties>
                  <property name="retryIteration" value="0" />
                  <property name="repeatIteration" value="0" />
                </properties>
              </test-case>
              <test-case id="1010" name="The_id_is_independent_of_the_asset_name_and_the_display_name" fullname="CoH.Tests.DataEditMode.CardDefinitionAssetTests.The_id_is_independent_of_the_asset_name_and_the_display_name" methodname="The_id_is_independent_of_the_asset_name_and_the_display_name" classname="CoH.Tests.DataEditMode.CardDefinitionAssetTests" runstate="Runnable" seed="295161357" result="Passed" start-time="2026-09-06 17:06:07Z" end-time="2026-09-06 17:06:07Z" duration="0.000302" asserts="0">
                <properties>
                  <property name="retryIteration" value="0" />
                  <property name="repeatIteration" value="0" />
                </properties>
              </test-case>
            </test-suite>
            <test-suite type="TestFixture" id="1020" name="CatalogAndDeckTests" fullname="CoH.Tests.DataEditMode.CatalogAndDeckTests" classname="CoH.Tests.DataEditMode.CatalogAndDeckTests" runstate="Runnable" testcasecount="16" result="Passed" start-time="2026-09-06 17:06:07Z" end-time="2026-09-06 17:06:07Z" duration="0.036094" total="16" passed="16" failed="0" inconclusive="0" skipped="0" asserts="0">
              <properties />
              <test-case id="1034" name="A_card_from_the_authored_catalog_can_actually_be_played" fullname="CoH.Tests.DataEditMode.CatalogAndDeckTests.A_card_from_the_authored_catalog_can_actually_be_played" methodname="A_card_from_the_authored_catalog_can_actually_be_played" classname="CoH.Tests.DataEditMode.CatalogAndDeckTests" runstate="Runnable" seed="1804616284" result="Passed" start-time="2026-09-06 17:06:07Z" end-time="2026-09-06 17:06:07Z" duration="0.016416" asserts="0">
                <properties>
                  <property name="retryIteration" value="0" />
                  <property name="repeatIteration" value="0" />
                </properties>
              </test-case>
              <test-case id="1035" name="A_deck_holding_a_non_collectible_card_is_reported" fullname="CoH.Tests.DataEditMode.CatalogAndDeckTests.A_deck_holding_a_non_collectible_card_is_reported" methodname="A_deck_holding_a_non_collectible_card_is_reported" classname="CoH.Tests.DataEditMode.CatalogAndDeckTests" runstate="Runnable" seed="3235914" result="Passed" start-time="2026-09-06 17:06:07Z" end-time="2026-09-06 17:06:07Z" duration="0.001132" asserts="0">
                <properties>
                  <property name="retryIteration" value="0" />
                  <property name="repeatIteration" value="0" />
                </properties>
              </test-case>
              <test-case id="1033" name="A_match_can_be_played_from_the_authored_assets" fullname="CoH.Tests.DataEditMode.CatalogAndDeckTests.A_match_can_be_played_from_the_authored_assets" methodname="A_match_can_be_played_from_the_authored_assets" classname="CoH.Tests.DataEditMode.CatalogAndDeckTests" runstate="Runnable" seed="1714879274" result="Passed" start-time="2026-09-06 17:06:07Z" end-time="2026-09-06 17:06:07Z" duration="0.001160" asserts="0">
                <properties>
                  <property name="retryIteration" value="0" />
                  <property name="repeatIteration" value="0" />
                </properties>
              </test-case>
              <test-case id="1027" name="A_repeated_id_is_reported" fullname="CoH.Tests.DataEditMode.CatalogAndDeckTests.A_repeated_id_is_reported" methodname="A_repeated_id_is_reported" classname="CoH.Tests.DataEditMode.CatalogAndDeckTests" runstate="Runnable" seed="2130424467" result="Passed" start-time="2026-09-06 17:06:07Z" end-time="2026-09-06 17:06:07Z" duration="0.002101" asserts="0">
                <properties>
                  <property name="retryIteration" value="0" />
                  <property name="repeatIteration" value="0" />
                </properties>
              </test-case>
              <test-case id="1029" name="An_empty_catalog_is_reported" fullname="CoH.Tests.DataEditMode.CatalogAndDeckTests.An_empty_catalog_is_reported" methodname="An_empty_catalog_is_reported" classname="CoH.Tests.DataEditMode.CatalogAndDeckTests" runstate="Runnable" seed="1654695447" result="Passed" start-time="2026-09-06 17:06:07Z" end-time="2026-09-06 17:06:07Z" duration="0.000339" asserts="0">
                <properties>
                  <property name="retryIteration" value="0" />
                  <property name="repeatIteration" value="0" />
                </properties>
              </test-case>
              <test-case id="1036" name="An_empty_deck_is_reported" fullname="CoH.Tests.DataEditMode.CatalogAndDeckTests.An_empty_deck_is_reported" methodname="An_empty_deck_is_reported" classname="CoH.Tests.DataEditMode.CatalogAndDeckTests" runstate="Runnable" seed="949646088" result="Passed" start-time="2026-09-06 17:06:07Z" end-time="2026-09-06 17:06:07Z" duration="0.000380" asserts="0">
                <properties>
                  <property name="retryIteration" value="0" />
                  <property name="repeatIteration" value="0" />
                </properties>
              </test-case>
              <test-case id="1028" name="An_empty_slot_is_reported" fullname="CoH.Tests.DataEditMode.CatalogAndDeckTests.An_empty_slot_is_reported" methodname="An_empty_slot_is_reported" classname="CoH.Tests.DataEditMode.CatalogAndDeckTests" runstate="Runnable" seed="1512820619" result="Passed" start-time="2026-09-06 17:06:07Z" end-time="2026-09-06 17:06:07Z" duration="0.000455" asserts="0">
                <properties>
                  <property name="retryIteration" value="0" />
                  <property name="repeatIteration" value="0" />
                </properties>
              </test-case>
              <test-case id="1025" name="An_unknown_id_is_handled_rather_than_guessed" fullname="CoH.Tests.DataEditMode.CatalogAndDeckTests.An_unknown_id_is_handled_rather_than_guessed" methodname="An_unknown_id_is_handled_rather_than_guessed" classname="CoH.Tests.DataEditMode.CatalogAndDeckTests" runstate="Runnable" seed="1090596438" result="Passed" start-time="2026-09-06 17:06:07Z" end-time="2026-09-06 17:06:07Z" duration="0.002298" asserts="0">
                <properties>
                  <property name="retryIteration" value="0" />
                  <property name="repeatIteration" value="0" />
                </properties>
              </test-case>
              <test-case id="1026" name="The_authored_catalog_is_valid" fullname="CoH.Tests.DataEditMode.CatalogAndDeckTests.The_authored_catalog_is_valid" methodname="The_authored_catalog_is_valid" classname="CoH.Tests.DataEditMode.CatalogAndDeckTests" runstate="Runnable" seed="1615859016" result="Passed" start-time="2026-09-06 17:06:07Z" end-time="2026-09-06 17:06:07Z" duration="0.000972" asserts="0">
                <properties>
                  <property name="retryIteration" value="0" />
                  <property name="repeatIteration" value="0" />
                </properties>
              </test-case>
              <test-case id="1032" name="The_authored_deck_is_valid" fullname="CoH.Tests.DataEditMode.CatalogAndDeckTests.The_authored_deck_is_valid" methodname="The_authored_deck_is_valid" classname="CoH.Tests.DataEditMode.CatalogAndDeckTests" runstate="Runnable" seed="1582255145" result="Passed" start-time="2026-09-06 17:06:07Z" end-time="2026-09-06 17:06:07Z" duration="0.000252" asserts="0">
                <properties>
                  <property name="retryIteration" value="0" />
                  <property name="repeatIteration" value="0" />
                </properties>
              </test-case>
              <test-case id="1024" name="The_authored_effect_cards_convert_with_their_effects" fullname="CoH.Tests.DataEditMode.CatalogAndDeckTests.The_authored_effect_cards_convert_with_their_effects" methodname="The_authored_effect_cards_convert_with_their_effects" classname="CoH.Tests.DataEditMode.CatalogAndDeckTests" runstate="Runnable" seed="1174947581" result="Passed" start-time="2026-09-06 17:06:07Z" end-time="2026-09-06 17:06:07Z" duration="0.000932" asserts="0">
                <properties>
                  <property name="retryIteration" value="0" />
                  <property name="repeatIteration" value="0" />
                </properties>
              </test-case>
              <test-case id="1030" name="The_catalog_can_find_the_authoring_asset_behind_an_id" fullname="CoH.Tests.DataEditMode.CatalogAndDeckTests.The_catalog_can_find_the_authoring_asset_behind_an_id" methodname="The_catalog_can_find_the_authoring_asset_behind_an_id" classname="CoH.Tests.DataEditMode.CatalogAndDeckTests" runstate="Runnable" seed="1979544477" result="Passed" start-time="2026-09-06 17:06:07Z" end-time="2026-09-06 17:06:07Z" duration="0.000593" asserts="0">
                <properties>
                  <property name="retryIteration" value="0" />
                  <property name="repeatIteration" value="0" />
                </properties>
              </test-case>
              <test-case id="1021" name="The_catalog_holds_the_development_cards" fullname="CoH.Tests.DataEditMode.CatalogAndDeckTests.The_catalog_holds_the_development_cards" methodname="The_catalog_holds_the_development_cards" classname="CoH.Tests.DataEditMode.CatalogAndDeckTests" runstate="Runnable" seed="2047479448" result="Passed" start-time="2026-09-06 17:06:07Z" end-time="2026-09-06 17:06:07Z" duration="0.001508" asserts="0">
                <properties>
                  <property name="retryIteration" value="0" />
                  <property name="repeatIteration" value="0" />
                </properties>
              </test-case>
              <test-case id="1023" name="The_coin_carries_its_effect_as_data" fullname="CoH.Tests.DataEditMode.CatalogAndDeckTests.The_coin_carries_its_effect_as_data" methodname="The_coin_carries_its_effect_as_data" classname="CoH.Tests.DataEditMode.CatalogAndDeckTests" runstate="Runnable" seed="1958696682" result="Passed" start-time="2026-09-06 17:06:07Z" end-time="2026-09-06 17:06:07Z" duration="0.000778" asserts="0">
                <properties>
                  <property name="retryIteration" value="0" />
                  <property name="repeatIteration" value="0" />
                </properties>
              </test-case>
              <test-case id="1022" name="The_runtime_catalog_finds_a_card_by_id" fullname="CoH.Tests.DataEditMode.CatalogAndDeckTests.The_runtime_catalog_finds_a_card_by_id" methodname="The_runtime_catalog_finds_a_card_by_id" classname="CoH.Tests.DataEditMode.CatalogAndDeckTests" runstate="Runnable" seed="893198394" result="Passed" start-time="2026-09-06 17:06:07Z" end-time="2026-09-06 17:06:07Z" duration="0.000407" asserts="0">
                <properties>
                  <property name="retryIteration" value="0" />
                  <property name="repeatIteration" value="0" />
                </properties>
              </test-case>
              <test-case id="1031" name="The_test_deck_is_thirty_test_soldiers" fullname="CoH.Tests.DataEditMode.CatalogAndDeckTests.The_test_deck_is_thirty_test_soldiers" methodname="The_test_deck_is_thirty_test_soldiers" classname="CoH.Tests.DataEditMode.CatalogAndDeckTests" runstate="Runnable" seed="93729530" result="Passed" start-time="2026-09-06 17:06:07Z" end-time="2026-09-06 17:06:07Z" duration="0.000873" asserts="0">
                <properties>
                  <property name="retryIteration" value="0" />
                  <property name="repeatIteration" value="0" />
                </properties>
              </test-case>
            </test-suite>
            <test-suite type="TestFixture" id="1037" name="NecromancerCardTests" fullname="CoH.Tests.DataEditMode.NecromancerCardTests" classname="CoH.Tests.DataEditMode.NecromancerCardTests" runstate="Runnable" testcasecount="11" result="Passed" start-time="2026-09-06 17:06:07Z" end-time="2026-09-06 17:06:07Z" duration="0.007828" total="11" passed="11" failed="0" inconclusive="0" skipped="0" asserts="0">
              <properties />
              <test-case id="1041" name="Abomination_is_a_one_mana_zero_two_with_taunt" fullname="CoH.Tests.DataEditMode.NecromancerCardTests.Abomination_is_a_one_mana_zero_two_with_taunt" methodname="Abomination_is_a_one_mana_zero_two_with_taunt" classname="CoH.Tests.DataEditMode.NecromancerCardTests" runstate="Runnable" seed="642636350" result="Passed" start-time="2026-09-06 17:06:07Z" end-time="2026-09-06 17:06:07Z" duration="0.000867" asserts="0">
                <properties>
                  <property name="retryIteration" value="0" />
                  <property name="repeatIteration" value="0" />
                </properties>
              </test-case>
              <test-case id="1040" name="Crypt_fiend_is_a_plain_one_mana_one_two" fullname="CoH.Tests.DataEditMode.NecromancerCardTests.Crypt_fiend_is_a_plain_one_mana_one_two" methodname="Crypt_fiend_is_a_plain_one_mana_one_two" classname="CoH.Tests.DataEditMode.NecromancerCardTests" runstate="Runnable" seed="1163724654" result="Passed" start-time="2026-09-06 17:06:07Z" end-time="2026-09-06 17:06:07Z" duration="0.000447" asserts="0">
                <properties>
                  <property name="retryIteration" value="0" />
                  <property name="repeatIteration" value="0" />
                </properties>
              </test-case>
              <test-case id="1045" name="Every_authored_option_names_a_card_the_catalog_holds" fullname="CoH.Tests.DataEditMode.NecromancerCardTests.Every_authored_option_names_a_card_the_catalog_holds" methodname="Every_authored_option_names_a_card_the_catalog_holds" classname="CoH.Tests.DataEditMode.NecromancerCardTests" runstate="Runnable" seed="268219246" result="Passed" start-time="2026-09-06 17:06:07Z" end-time="2026-09-06 17:06:07Z" duration="0.000633" asserts="0">
                <properties>
                  <property name="retryIteration" value="0" />
                  <property name="repeatIteration" value="0" />
                </properties>
              </test-case>
              <test-case id="1047" name="Every_necromancer_card_is_non_collectible" fullname="CoH.Tests.DataEditMode.NecromancerCardTests.Every_necromancer_card_is_non_collectible" methodname="Every_necromancer_card_is_non_collectible" classname="CoH.Tests.DataEditMode.NecromancerCardTests" runstate="Runnable" seed="751558832" result="Passed" start-time="2026-09-06 17:06:07Z" end-time="2026-09-06 17:06:07Z" duration="0.000445" asserts="0">
                <properties>
                  <property name="retryIteration" value="0" />
                  <property name="repeatIteration" value="0" />
                </properties>
              </test-case>
              <test-case id="1039" name="Skeletal_rogue_is_a_one_mana_zero_one_with_stealth_and_nothing_else" fullname="CoH.Tests.DataEditMode.NecromancerCardTests.Skeletal_rogue_is_a_one_mana_zero_one_with_stealth_and_nothing_else" methodname="Skeletal_rogue_is_a_one_mana_zero_one_with_stealth_and_nothing_else" classname="CoH.Tests.DataEditMode.NecromancerCardTests" runstate="Runnable" seed="716460024" result="Passed" start-time="2026-09-06 17:06:07Z" end-time="2026-09-06 17:06:07Z" duration="0.000320" asserts="0">
                <properties>
                  <property name="retryIteration" value="0" />
                  <property name="repeatIteration" value="0" />
                </properties>
              </test-case>
              <test-case id="1038" name="Skeletal_warrior_is_a_one_mana_one_one_with_rush" fullname="CoH.Tests.DataEditMode.NecromancerCardTests.Skeletal_warrior_is_a_one_mana_one_one_with_rush" methodname="Skeletal_warrior_is_a_one_mana_one_one_with_rush" classname="CoH.Tests.DataEditMode.NecromancerCardTests" runstate="Runnable" seed="551367352" result="Passed" start-time="2026-09-06 17:06:07Z" end-time="2026-09-06 17:06:07Z" duration="0.000315" asserts="0">
                <properties>
                  <property name="retryIteration" value="0" />
                  <property name="repeatIteration" value="0" />
                </properties>
              </test-case>
              <test-case id="1042" name="Skeletal_warriors_rules_text_names_its_keyword" fullname="CoH.Tests.DataEditMode.NecromancerCardTests.Skeletal_warriors_rules_text_names_its_keyword" methodname="Skeletal_warriors_rules_text_names_its_keyword" classname="CoH.Tests.DataEditMode.NecromancerCardTests" runstate="Runnable" seed="251739266" result="Passed" start-time="2026-09-06 17:06:07Z" end-time="2026-09-06 17:06:07Z" duration="0.000268" asserts="0">
                <properties>
                  <property name="retryIteration" value="0" />
                  <property name="repeatIteration" value="0" />
                </properties>
              </test-case>
              <test-case id="1048" name="The_assets_exist_where_the_project_expects_them" fullname="CoH.Tests.DataEditMode.NecromancerCardTests.The_assets_exist_where_the_project_expects_them" methodname="The_assets_exist_where_the_project_expects_them" classname="CoH.Tests.DataEditMode.NecromancerCardTests" runstate="Runnable" seed="496725437" result="Passed" start-time="2026-09-06 17:06:07Z" end-time="2026-09-06 17:06:07Z" duration="0.000319" asserts="0">
                <properties>
                  <property name="retryIteration" value="0" />
                  <property name="repeatIteration" value="0" />
                </properties>
              </test-case>
              <test-case id="1046" name="The_authored_assets_validate_cleanly" fullname="CoH.Tests.DataEditMode.NecromancerCardTests.The_authored_assets_validate_cleanly" methodname="The_authored_assets_validate_cleanly" classname="CoH.Tests.DataEditMode.NecromancerCardTests" runstate="Runnable" seed="496905863" result="Passed" start-time="2026-09-06 17:06:07Z" end-time="2026-09-06 17:06:07Z" duration="0.000287" asserts="0">
                <properties>
                  <property name="retryIteration" value="0" />
                  <property name="repeatIteration" value="0" />
                </properties>
              </test-case>
              <test-case id="1044" name="The_authored_hero_power_offers_the_four_servants_in_order" fullname="CoH.Tests.DataEditMode.NecromancerCardTests.The_authored_hero_power_offers_the_four_servants_in_order" methodname="The_authored_hero_power_offers_the_four_servants_in_order" classname="CoH.Tests.DataEditMode.NecromancerCardTests" runstate="Runnable" seed="361880252" result="Passed" start-time="2026-09-06 17:06:07Z" end-time="2026-09-06 17:06:07Z" duration="0.000544" asserts="0">
                <properties>
                  <property name="retryIteration" value="0" />
                  <property name="repeatIteration" value="0" />
                </properties>
              </test-case>
              <test-case id="1043" name="The_hero_power_is_authored_as_a_one_mana_necromancer_hero_power" fullname="CoH.Tests.DataEditMode.NecromancerCardTests.The_hero_power_is_authored_as_a_one_mana_necromancer_hero_power" methodname="The_hero_power_is_authored_as_a_one_mana_necromancer_hero_power" classname="CoH.Tests.DataEditMode.NecromancerCardTests" runstate="Runnable" seed="1692577269" result="Passed" start-time="2026-09-06 17:06:07Z" end-time="2026-09-06 17:06:07Z" duration="0.000340" asserts="0">
                <properties>
                  <property name="retryIteration" value="0" />
                  <property name="repeatIteration" value="0" />
                </properties>
              </test-case>
            </test-suite>
          </test-suite>
        </test-suite>
      </test-suite>
    </test-suite>
    <test-suite type="Assembly" id="1559" name="CoH.Tests.EditMode.dll" fullname="D:/Unity/ConquestOfHearthstone/Library/ScriptAssemblies/CoH.Tests.EditMode.dll" runstate="Runnable" testcasecount="463" result="Passed" start-time="2026-09-06 17:06:07Z" end-time="2026-09-06 17:06:08Z" duration="0.467692" total="463" passed="463" failed="0" inconclusive="0" skipped="0" asserts="0">
      <properties>
        <property name="_PID" value="27548" />
        <property name="_APPDOMAIN" value="Unity Child Domain" />
        <property name="platform" value="EditMode" />
        <property name="EditorOnly" value="True" />
      </properties>
      <test-suite type="TestSuite" id="1560" name="CoH" fullname="CoH" runstate="Runnable" testcasecount="463" result="Passed" start-time="2026-09-06 17:06:07Z" end-time="2026-09-06 17:06:07Z" duration="0.460502" total="463" passed="463" failed="0" inconclusive="0" skipped="0" asserts="0">
        <properties />
        <test-suite type="TestSuite" id="1561" name="Tests" fullname="CoH.Tests" runstate="Runnable" testcasecount="463" result="Passed" start-time="2026-09-06 17:06:07Z" end-time="2026-09-06 17:06:07Z" duration="0.453678" total="463" passed="463" failed="0" inconclusive="0" skipped="0" asserts="0">
          <properties />
          <test-suite type="TestSuite" id="1562" name="EditMode" fullname="CoH.Tests.EditMode" runstate="Runnable" testcasecount="463" result="Passed" start-time="2026-09-06 17:06:07Z" end-time="2026-09-06 17:06:07Z" duration="0.446981" total="463" passed="463" failed="0" inconclusive="0" skipped="0" asserts="0">
            <properties />
            <test-suite type="TestFixture" id="1053" name="AttackValidationTests" fullname="CoH.Tests.EditMode.AttackValidationTests" classname="CoH.Tests.EditMode.AttackValidationTests" runstate="Runnable" testcasecount="14" result="Passed" start-time="2026-09-06 17:06:07Z" end-time="2026-09-06 17:06:07Z" duration="0.023857" total="14" passed="14" failed="0" inconclusive="0" skipped="0" asserts="0">
              <properties />
              <test-case id="1063" name="A_dead_minion_is_no_longer_a_legal_target" fullname="CoH.Tests.EditMode.AttackValidationTests.A_dead_minion_is_no_longer_a_legal_target" methodname="A_dead_minion_is_no_longer_a_legal_target" classname="CoH.Tests.EditMode.AttackValidationTests" runstate="Runnable" seed="920413988" result="Passed" start-time="2026-09-06 17:06:07Z" end-time="2026-09-06 17:06:07Z" duration="0.006172" asserts="0">
                <properties>
                  <property name="retryIteration" value="0" />
                  <property name="repeatIteration" value="0" />
                </properties>
              </test-case>
              <test-case id="1057" name="A_minion_already_removed_cannot_attack" fullname="CoH.Tests.EditMode.AttackValidationTests.A_minion_already_removed_cannot_attack" methodname="A_minion_already_removed_cannot_attack" classname="CoH.Tests.EditMode.AttackValidationTests" runstate="Runnable" seed="1031139860" result="Passed" start-time="2026-09-06 17:06:07Z" end-time="2026-09-06 17:06:07Z" duration="0.000828" asserts="0">
                <properties>
                  <property name="retryIteration" value="0" />
                  <property name="repeatIteration" value="0" />
                </properties>
              </test-case>
              <test-case id="1060" name="A_minion_that_has_used_its_attack_is_refused" fullname="CoH.Tests.EditMode.AttackValidationTests.A_minion_that_has_used_its_attack_is_refused" methodname="A_minion_that_has_used_its_attack_is_refused" classname="CoH.Tests.EditMode.AttackValidationTests" runstate="Runnable" seed="678788585" result="Passed" start-time="2026-09-06 17:06:07Z" end-time="2026-09-06 17:06:07Z" duration="0.002330" asserts="0">
                <properties>
                  <property name="retryIteration" value="0" />
                  <property name="repeatIteration" value="0" />
                </properties>
              </test-case>
              <test-case id="1059" name="A_minion_with_no_attack_cannot_attack" fullname="CoH.Tests.EditMode.AttackValidationTests.A_minion_with_no_attack_cannot_attack" methodname="A_minion_with_no_attack_cannot_attack" classname="CoH.Tests.EditMode.AttackValidationTests" runstate="Runnable" seed="2081713754" result="Passed" start-time="2026-09-06 17:06:07Z" end-time="2026-09-06 17:06:07Z" duration="0.000951" asserts="0">
                <properties>
                  <property name="retryIteration" value="0" />
                  <property name="repeatIteration" value="0" />
                </properties>
              </test-case>
              <test-case id="1054" name="A_ready_minion_can_attack_an_enemy_minion" fullname="CoH.Tests.EditMode.AttackValidationTests.A_ready_minion_can_attack_an_enemy_minion" methodname="A_ready_minion_can_attack_an_enemy_minion" classname="CoH.Tests.EditMode.AttackValidationTests" runstate="Runnable" seed="23689629" result="Passed" start-time="2026-09-06 17:06:07Z" end-time="2026-09-06 17:06:07Z" duration="0.000629" asserts="0">
                <properties>
                  <property name="retryIteration" value="0" />
                  <property name="repeatIteration" value="0" />
                </properties>
              </test-case>
              <test-case id="1055" name="An_enemy_minion_cannot_be_used_as_the_attacker" fullname="CoH.Tests.EditMode.AttackValidationTests.An_enemy_minion_cannot_be_used_as_the_attacker" methodname="An_enemy_minion_cannot_be_used_as_the_attacker" classname="CoH.Tests.EditMode.AttackValidationTests" runstate="Runnable" seed="103085582" result="Passed" start-time="2026-09-06 17:06:07Z" end-time="2026-09-06 17:06:07Z" duration="0.000732" asserts="0">
                <properties>
                  <property name="retryIteration" value="0" />
                  <property name="repeatIteration" value="0" />
                </properties>
              </test-case>
              <test-case id="1066" name="Attacking_is_refused_outside_the_playing_phase" fullname="CoH.Tests.EditMode.AttackValidationTests.Attacking_is_refused_outside_the_playing_phase" methodname="Attacking_is_refused_outside_the_playing_phase" classname="CoH.Tests.EditMode.AttackValidationTests" runstate="Runnable" seed="227310200" result="Passed" start-time="2026-09-06 17:06:07Z" end-time="2026-09-06 17:06:07Z" duration="0.001538" asserts="0">
                <properties>
                  <property name="retryIteration" value="0" />
                  <property name="repeatIteration" value="0" />
                </properties>
              </test-case>
              <test-case id="1061" name="Friendly_characters_are_never_legal_targets" fullname="CoH.Tests.EditMode.AttackValidationTests.Friendly_characters_are_never_legal_targets" methodname="Friendly_characters_are_never_legal_targets" classname="CoH.Tests.EditMode.AttackValidationTests" runstate="Runnable" seed="135017825" result="Passed" start-time="2026-09-06 17:06:07Z" end-time="2026-09-06 17:06:07Z" duration="0.000828" asserts="0">
                <properties>
                  <property name="retryIteration" value="0" />
                  <property name="repeatIteration" value="0" />
                </properties>
              </test-case>
              <test-case id="1065" name="Legal_targets_are_empty_when_the_minion_cannot_attack" fullname="CoH.Tests.EditMode.AttackValidationTests.Legal_targets_are_empty_when_the_minion_cannot_attack" methodname="Legal_targets_are_empty_when_the_minion_cannot_attack" classname="CoH.Tests.EditMode.AttackValidationTests" runstate="Runnable" seed="747670157" result="Passed" start-time="2026-09-06 17:06:07Z" end-time="2026-09-06 17:06:07Z" duration="0.000608" asserts="0">
                <properties>
                  <property name="retryIteration" value="0" />
                  <property name="repeatIteration" value="0" />
                </properties>
              </test-case>
              <test-case id="1064" name="Legal_targets_are_the_enemy_minions_then_the_enemy_hero" fullname="CoH.Tests.EditMode.AttackValidationTests.Legal_targets_are_the_enemy_minions_then_the_enemy_hero" methodname="Legal_targets_are_the_enemy_minions_then_the_enemy_hero" classname="CoH.Tests.EditMode.AttackValidationTests" runstate="Runnable" seed="1513078594" result="Passed" start-time="2026-09-06 17:06:07Z" end-time="2026-09-06 17:06:07Z" duration="0.001139" asserts="0">
                <properties>
                  <property name="retryIteration" value="0" />
                  <property name="repeatIteration" value="0" />
                </properties>
              </test-case>
              <test-case id="1056" name="Something_that_is_not_a_minion_on_the_board_cannot_attack" fullname="CoH.Tests.EditMode.AttackValidationTests.Something_that_is_not_a_minion_on_the_board_cannot_attack" methodname="Something_that_is_not_a_minion_on_the_board_cannot_attack" classname="CoH.Tests.EditMode.AttackValidationTests" runstate="Runnable" seed="1579076863" result="Passed" start-time="2026-09-06 17:06:07Z" end-time="2026-09-06 17:06:07Z" duration="0.000675" asserts="0">
                <properties>
                  <property name="retryIteration" value="0" />
                  <property name="repeatIteration" value="0" />
                </properties>
              </test-case>
              <test-case id="1067" name="The_engine_answers_the_same_question_twice_the_same_way" fullname="CoH.Tests.EditMode.AttackValidationTests.The_engine_answers_the_same_question_twice_the_same_way" methodname="The_engine_answers_the_same_question_twice_the_same_way" classname="CoH.Tests.EditMode.AttackValidationTests" runstate="Runnable" seed="2142070515" result="Passed" start-time="2026-09-06 17:06:07Z" end-time="2026-09-06 17:06:07Z" duration="0.000517" asserts="0">
                <properties>
                  <property name="retryIteration" value="0" />
                  <property name="repeatIteration" value="0" />
                </properties>
              </test-case>
              <test-case id="1058" name="The_idle_player_cannot_attack" fullname="CoH.Tests.EditMode.AttackValidationTests.The_idle_player_cannot_attack" methodname="The_idle_player_cannot_attack" classname="CoH.Tests.EditMode.AttackValidationTests" runstate="Runnable" seed="966020106" result="Passed" start-time="2026-09-06 17:06:07Z" end-time="2026-09-06 17:06:07Z" duration="0.000518" asserts="0">
                <properties>
                  <property name="retryIteration" value="0" />
                  <property name="repeatIteration" value="0" />
                </properties>
              </test-case>
              <test-case id="1062" name="Things_that_are_not_characters_are_never_legal_targets" fullname="CoH.Tests.EditMode.AttackValidationTests.Things_that_are_not_characters_are_never_legal_targets" methodname="Things_that_are_not_characters_are_never_legal_targets" classname="CoH.Tests.EditMode.AttackValidationTests" runstate="Runnable" seed="1089203910" result="Passed" start-time="2026-09-06 17:06:07Z" end-time="2026-09-06 17:06:07Z" duration="0.000869" asserts="0">
                <properties>
                  <property name="retryIteration" value="0" />
                  <property name="repeatIteration" value="0" />
                </properties>
              </test-case>
            </test-suite>
            <test-suite type="TestFixture" id="1068" name="BoardPlacementTests" fullname="CoH.Tests.EditMode.BoardPlacementTests" classname="CoH.Tests.EditMode.BoardPlacementTests" runstate="Runnable" testcasecount="10" result="Passed" start-time="2026-09-06 17:06:07Z" end-time="2026-09-06 17:06:07Z" duration="0.011826" total="10" passed="10" failed="0" inconclusive="0" skipped="0" asserts="0">
              <properties />
              <test-case id="1076" name="A_full_board_refuses_an_eighth_minion" fullname="CoH.Tests.EditMode.BoardPlacementTests.A_full_board_refuses_an_eighth_minion" methodname="A_full_board_refuses_an_eighth_minion" classname="CoH.Tests.EditMode.BoardPlacementTests" runstate="Runnable" seed="445375928" result="Passed" start-time="2026-09-06 17:06:07Z" end-time="2026-09-06 17:06:07Z" duration="0.001213" asserts="0">
                <properties>
                  <property name="retryIteration" value="0" />
                  <property name="repeatIteration" value="0" />
                </properties>
              </test-case>
              <test-case id="1070" name="A_minion_can_be_played_in_the_middle" fullname="CoH.Tests.EditMode.BoardPlacementTests.A_minion_can_be_played_in_the_middle" methodname="A_minion_can_be_played_in_the_middle" classname="CoH.Tests.EditMode.BoardPlacementTests" runstate="Runnable" seed="1924056296" result="Passed" start-time="2026-09-06 17:06:07Z" end-time="2026-09-06 17:06:07Z" duration="0.001148" asserts="0">
                <properties>
                  <property name="retryIteration" value="0" />
                  <property name="repeatIteration" value="0" />
                </properties>
              </test-case>
              <test-case id="1069" name="A_minion_can_be_played_on_the_left" fullname="CoH.Tests.EditMode.BoardPlacementTests.A_minion_can_be_played_on_the_left" methodname="A_minion_can_be_played_on_the_left" classname="CoH.Tests.EditMode.BoardPlacementTests" runstate="Runnable" seed="1024935013" result="Passed" start-time="2026-09-06 17:06:07Z" end-time="2026-09-06 17:06:07Z" duration="0.000951" asserts="0">
                <properties>
                  <property name="retryIteration" value="0" />
                  <property name="repeatIteration" value="0" />
                </properties>
              </test-case>
              <test-case id="1071" name="A_minion_can_be_played_on_the_right_by_index" fullname="CoH.Tests.EditMode.BoardPlacementTests.A_minion_can_be_played_on_the_right_by_index" methodname="A_minion_can_be_played_on_the_right_by_index" classname="CoH.Tests.EditMode.BoardPlacementTests" runstate="Runnable" seed="1470970499" result="Passed" start-time="2026-09-06 17:06:07Z" end-time="2026-09-06 17:06:07Z" duration="0.000616" asserts="0">
                <properties>
                  <property name="retryIteration" value="0" />
                  <property name="repeatIteration" value="0" />
                </properties>
              </test-case>
              <test-case id="1078" name="A_minion_dying_frees_its_slot_again" fullname="CoH.Tests.EditMode.BoardPlacementTests.A_minion_dying_frees_its_slot_again" methodname="A_minion_dying_frees_its_slot_again" classname="CoH.Tests.EditMode.BoardPlacementTests" runstate="Runnable" seed="1263368519" result="Passed" start-time="2026-09-06 17:06:07Z" end-time="2026-09-06 17:06:07Z" duration="0.000585" asserts="0">
                <properties>
                  <property name="retryIteration" value="0" />
                  <property name="repeatIteration" value="0" />
                </properties>
              </test-case>
              <test-case id="1074" name="An_out_of_range_slot_is_refused" fullname="CoH.Tests.EditMode.BoardPlacementTests.An_out_of_range_slot_is_refused" methodname="An_out_of_range_slot_is_refused" classname="CoH.Tests.EditMode.BoardPlacementTests" runstate="Runnable" seed="1091643703" result="Passed" start-time="2026-09-06 17:06:07Z" end-time="2026-09-06 17:06:07Z" duration="0.000490" asserts="0">
                <properties>
                  <property name="retryIteration" value="0" />
                  <property name="repeatIteration" value="0" />
                </properties>
              </test-case>
              <test-case id="1077" name="Each_player_has_their_own_seven_slots" fullname="CoH.Tests.EditMode.BoardPlacementTests.Each_player_has_their_own_seven_slots" methodname="Each_player_has_their_own_seven_slots" classname="CoH.Tests.EditMode.BoardPlacementTests" runstate="Runnable" seed="1491328014" result="Passed" start-time="2026-09-06 17:06:07Z" end-time="2026-09-06 17:06:07Z" duration="0.000581" asserts="0">
                <properties>
                  <property name="retryIteration" value="0" />
                  <property name="repeatIteration" value="0" />
                </properties>
              </test-case>
              <test-case id="1073" name="The_reported_slot_matches_where_it_landed" fullname="CoH.Tests.EditMode.BoardPlacementTests.The_reported_slot_matches_where_it_landed" methodname="The_reported_slot_matches_where_it_landed" classname="CoH.Tests.EditMode.BoardPlacementTests" runstate="Runnable" seed="2122137047" result="Passed" start-time="2026-09-06 17:06:07Z" end-time="2026-09-06 17:06:07Z" duration="0.000916" asserts="0">
                <properties>
                  <property name="retryIteration" value="0" />
                  <property name="repeatIteration" value="0" />
                </properties>
              </test-case>
              <test-case id="1072" name="The_rightmost_shorthand_appends" fullname="CoH.Tests.EditMode.BoardPlacementTests.The_rightmost_shorthand_appends" methodname="The_rightmost_shorthand_appends" classname="CoH.Tests.EditMode.BoardPlacementTests" runstate="Runnable" seed="1722002507" result="Passed" start-time="2026-09-06 17:06:07Z" end-time="2026-09-06 17:06:07Z" duration="0.000586" asserts="0">
                <properties>
                  <property name="retryIteration" value="0" />
                  <property name="repeatIteration" value="0" />
                </properties>
              </test-case>
              <test-case id="1075" name="The_slot_just_past_the_last_minion_is_valid" fullname="CoH.Tests.EditMode.BoardPlacementTests.The_slot_just_past_the_last_minion_is_valid" methodname="The_slot_just_past_the_last_minion_is_valid" classname="CoH.Tests.EditMode.BoardPlacementTests" runstate="Runnable" seed="904383071" result="Passed" start-time="2026-09-06 17:06:07Z" end-time="2026-09-06 17:06:07Z" duration="0.000487" asserts="0">
                <properties>
                  <property name="retryIteration" value="0" />
                  <property name="repeatIteration" value="0" />
                </properties>
              </test-case>
            </test-suite>
            <test-suite type="TestFixture" id="1079" name="CardStateTests" fullname="CoH.Tests.EditMode.CardStateTests" classname="CoH.Tests.EditMode.CardStateTests" runstate="Runnable" testcasecount="11" result="Passed" start-time="2026-09-06 17:06:07Z" end-time="2026-09-06 17:06:07Z" duration="0.011807" total="11" passed="11" failed="0" inconclusive="0" skipped="0" asserts="0">
              <properties />
              <test-case id="1084" name="A_buffed_and_damaged_minion_needs_no_change_to_its_definition" fullname="CoH.Tests.EditMode.CardStateTests.A_buffed_and_damaged_minion_needs_no_change_to_its_definition" methodname="A_buffed_and_damaged_minion_needs_no_change_to_its_definition" classname="CoH.Tests.EditMode.CardStateTests" runstate="Runnable" seed="1811000084" result="Passed" start-time="2026-09-06 17:06:07Z" end-time="2026-09-06 17:06:07Z" duration="0.001453" asserts="0">
                <properties>
                  <property name="retryIteration" value="0" />
                  <property name="repeatIteration" value="0" />
                </properties>
              </test-case>
              <test-case id="1086" name="A_hero_starts_at_full_health_with_no_armor" fullname="CoH.Tests.EditMode.CardStateTests.A_hero_starts_at_full_health_with_no_armor" methodname="A_hero_starts_at_full_health_with_no_armor" classname="CoH.Tests.EditMode.CardStateTests" runstate="Runnable" seed="1735612381" result="Passed" start-time="2026-09-06 17:06:07Z" end-time="2026-09-06 17:06:07Z" duration="0.000609" asserts="0">
                <properties>
                  <property name="retryIteration" value="0" />
                  <property name="repeatIteration" value="0" />
                </properties>
              </test-case>
              <test-case id="1087" name="A_hero_tracks_armor_and_damage_separately" fullname="CoH.Tests.EditMode.CardStateTests.A_hero_tracks_armor_and_damage_separately" methodname="A_hero_tracks_armor_and_damage_separately" classname="CoH.Tests.EditMode.CardStateTests" runstate="Runnable" seed="1664210080" result="Passed" start-time="2026-09-06 17:06:07Z" end-time="2026-09-06 17:06:07Z" duration="0.000472" asserts="0">
                <properties>
                  <property name="retryIteration" value="0" />
                  <property name="repeatIteration" value="0" />
                </properties>
              </test-case>
              <test-case id="1083" name="A_minion_copies_its_base_statistics_from_the_definition" fullname="CoH.Tests.EditMode.CardStateTests.A_minion_copies_its_base_statistics_from_the_definition" methodname="A_minion_copies_its_base_statistics_from_the_definition" classname="CoH.Tests.EditMode.CardStateTests" runstate="Runnable" seed="735588475" result="Passed" start-time="2026-09-06 17:06:07Z" end-time="2026-09-06 17:06:07Z" duration="0.000709" asserts="0">
                <properties>
                  <property name="retryIteration" value="0" />
                  <property name="repeatIteration" value="0" />
                </properties>
              </test-case>
              <test-case id="1088" name="A_new_match_starts_with_empty_zones_and_no_current_player" fullname="CoH.Tests.EditMode.CardStateTests.A_new_match_starts_with_empty_zones_and_no_current_player" methodname="A_new_match_starts_with_empty_zones_and_no_current_player" classname="CoH.Tests.EditMode.CardStateTests" runstate="Runnable" seed="1350608911" result="Passed" start-time="2026-09-06 17:06:07Z" end-time="2026-09-06 17:06:07Z" duration="0.000710" asserts="0">
                <properties>
                  <property name="retryIteration" value="0" />
                  <property name="repeatIteration" value="0" />
                </properties>
              </test-case>
              <test-case id="1080" name="Changing_a_card_instance_leaves_its_definition_alone" fullname="CoH.Tests.EditMode.CardStateTests.Changing_a_card_instance_leaves_its_definition_alone" methodname="Changing_a_card_instance_leaves_its_definition_alone" classname="CoH.Tests.EditMode.CardStateTests" runstate="Runnable" seed="2133420280" result="Passed" start-time="2026-09-06 17:06:07Z" end-time="2026-09-06 17:06:07Z" duration="0.000475" asserts="0">
                <properties>
                  <property name="retryIteration" value="0" />
                  <property name="repeatIteration" value="0" />
                </properties>
              </test-case>
              <test-case id="1090" name="Creating_a_card_outside_the_catalog_is_refused" fullname="CoH.Tests.EditMode.CardStateTests.Creating_a_card_outside_the_catalog_is_refused" methodname="Creating_a_card_outside_the_catalog_is_refused" classname="CoH.Tests.EditMode.CardStateTests" runstate="Runnable" seed="780840221" result="Passed" start-time="2026-09-06 17:06:07Z" end-time="2026-09-06 17:06:07Z" duration="0.000460" asserts="0">
                <properties>
                  <property name="retryIteration" value="0" />
                  <property name="repeatIteration" value="0" />
                </properties>
              </test-case>
              <test-case id="1085" name="Damage_survives_an_expiring_health_buff" fullname="CoH.Tests.EditMode.CardStateTests.Damage_survives_an_expiring_health_buff" methodname="Damage_survives_an_expiring_health_buff" classname="CoH.Tests.EditMode.CardStateTests" runstate="Runnable" seed="362800822" result="Passed" start-time="2026-09-06 17:06:07Z" end-time="2026-09-06 17:06:07Z" duration="0.001187" asserts="0">
                <properties>
                  <property name="retryIteration" value="0" />
                  <property name="repeatIteration" value="0" />
                </properties>
              </test-case>
              <test-case id="1089" name="Players_face_each_other" fullname="CoH.Tests.EditMode.CardStateTests.Players_face_each_other" methodname="Players_face_each_other" classname="CoH.Tests.EditMode.CardStateTests" runstate="Runnable" seed="309786822" result="Passed" start-time="2026-09-06 17:06:07Z" end-time="2026-09-06 17:06:07Z" duration="0.000408" asserts="0">
                <properties>
                  <property name="retryIteration" value="0" />
                  <property name="repeatIteration" value="0" />
                </properties>
              </test-case>
              <test-case id="1082" name="The_catalog_always_hands_back_the_same_definition_object" fullname="CoH.Tests.EditMode.CardStateTests.The_catalog_always_hands_back_the_same_definition_object" methodname="The_catalog_always_hands_back_the_same_definition_object" classname="CoH.Tests.EditMode.CardStateTests" runstate="Runnable" seed="1232279119" result="Passed" start-time="2026-09-06 17:06:07Z" end-time="2026-09-06 17:06:07Z" duration="0.000476" asserts="0">
                <properties>
                  <property name="retryIteration" value="0" />
                  <property name="repeatIteration" value="0" />
                </properties>
              </test-case>
              <test-case id="1081" name="Two_instances_of_a_card_are_independent" fullname="CoH.Tests.EditMode.CardStateTests.Two_instances_of_a_card_are_independent" methodname="Two_instances_of_a_card_are_independent" classname="CoH.Tests.EditMode.CardStateTests" runstate="Runnable" seed="1356325414" result="Passed" start-time="2026-09-06 17:06:07Z" end-time="2026-09-06 17:06:07Z" duration="0.000630" asserts="0">
                <properties>
                  <property name="retryIteration" value="0" />
                  <property name="repeatIteration" value="0" />
                </properties>
              </test-case>
            </test-suite>
            <test-suite type="TestFixture" id="1091" name="CoinAndModifierTests" fullname="CoH.Tests.EditMode.CoinAndModifierTests" classname="CoH.Tests.EditMode.CoinAndModifierTests" runstate="Runnable" testcasecount="12" result="Passed" start-time="2026-09-06 17:06:07Z" end-time="2026-09-06 17:06:07Z" duration="0.022625" total="12" passed="12" failed="0" inconclusive="0" skipped="0" asserts="0">
              <properties />
              <test-case id="1098" name="A_buff_changes_the_effective_statistics_and_not_the_printed_card" fullname="CoH.Tests.EditMode.CoinAndModifierTests.A_buff_changes_the_effective_statistics_and_not_the_printed_card" methodname="A_buff_changes_the_effective_statistics_and_not_the_printed_card" classname="CoH.Tests.EditMode.CoinAndModifierTests" runstate="Runnable" seed="140886994" result="Passed" start-time="2026-09-06 17:06:07Z" end-time="2026-09-06 17:06:07Z" duration="0.002593" asserts="0">
                <properties>
                  <property name="retryIteration" value="0" />
                  <property name="repeatIteration" value="0" />
                </properties>
              </test-case>
              <test-case id="1101" name="A_buff_changes_the_state_fingerprint" fullname="CoH.Tests.EditMode.CoinAndModifierTests.A_buff_changes_the_state_fingerprint" methodname="A_buff_changes_the_state_fingerprint" classname="CoH.Tests.EditMode.CoinAndModifierTests" runstate="Runnable" seed="831436706" result="Passed" start-time="2026-09-06 17:06:07Z" end-time="2026-09-06 17:06:07Z" duration="0.005512" asserts="0">
                <properties>
                  <property name="retryIteration" value="0" />
                  <property name="repeatIteration" value="0" />
                </properties>
              </test-case>
              <test-case id="1097" name="A_different_card_with_the_same_effect_behaves_identically" fullname="CoH.Tests.EditMode.CoinAndModifierTests.A_different_card_with_the_same_effect_behaves_identically" methodname="A_different_card_with_the_same_effect_behaves_identically" classname="CoH.Tests.EditMode.CoinAndModifierTests" runstate="Runnable" seed="82566647" result="Passed" start-time="2026-09-06 17:06:07Z" end-time="2026-09-06 17:06:07Z" duration="0.000981" asserts="0">
                <properties>
                  <property name="retryIteration" value="0" />
                  <property name="repeatIteration" value="0" />
                </properties>
              </test-case>
              <test-case id="1099" name="Extra_health_leaves_damage_already_taken_alone" fullname="CoH.Tests.EditMode.CoinAndModifierTests.Extra_health_leaves_damage_already_taken_alone" methodname="Extra_health_leaves_damage_already_taken_alone" classname="CoH.Tests.EditMode.CoinAndModifierTests" runstate="Runnable" seed="1442831483" result="Passed" start-time="2026-09-06 17:06:07Z" end-time="2026-09-06 17:06:07Z" duration="0.000505" asserts="0">
                <properties>
                  <property name="retryIteration" value="0" />
                  <property name="repeatIteration" value="0" />
                </properties>
              </test-case>
              <test-case id="1100" name="Modifiers_keep_the_order_they_were_applied_in" fullname="CoH.Tests.EditMode.CoinAndModifierTests.Modifiers_keep_the_order_they_were_applied_in" methodname="Modifiers_keep_the_order_they_were_applied_in" classname="CoH.Tests.EditMode.CoinAndModifierTests" runstate="Runnable" seed="190054735" result="Passed" start-time="2026-09-06 17:06:07Z" end-time="2026-09-06 17:06:07Z" duration="0.000721" asserts="0">
                <properties>
                  <property name="retryIteration" value="0" />
                  <property name="repeatIteration" value="0" />
                </properties>
              </test-case>
              <test-case id="1095" name="Temporary_mana_is_gone_at_the_next_turn" fullname="CoH.Tests.EditMode.CoinAndModifierTests.Temporary_mana_is_gone_at_the_next_turn" methodname="Temporary_mana_is_gone_at_the_next_turn" classname="CoH.Tests.EditMode.CoinAndModifierTests" runstate="Runnable" seed="528424113" result="Passed" start-time="2026-09-06 17:06:07Z" end-time="2026-09-06 17:06:07Z" duration="0.000798" asserts="0">
                <properties>
                  <property name="retryIteration" value="0" />
                  <property name="repeatIteration" value="0" />
                </properties>
              </test-case>
              <test-case id="1103" name="Temporary_mana_is_part_of_the_state_fingerprint" fullname="CoH.Tests.EditMode.CoinAndModifierTests.Temporary_mana_is_part_of_the_state_fingerprint" methodname="Temporary_mana_is_part_of_the_state_fingerprint" classname="CoH.Tests.EditMode.CoinAndModifierTests" runstate="Runnable" seed="288488360" result="Passed" start-time="2026-09-06 17:06:07Z" end-time="2026-09-06 17:06:07Z" duration="0.001515" asserts="0">
                <properties>
                  <property name="retryIteration" value="0" />
                  <property name="repeatIteration" value="0" />
                </properties>
              </test-case>
              <test-case id="1096" name="The_coin_ends_up_in_the_graveyard" fullname="CoH.Tests.EditMode.CoinAndModifierTests.The_coin_ends_up_in_the_graveyard" methodname="The_coin_ends_up_in_the_graveyard" classname="CoH.Tests.EditMode.CoinAndModifierTests" runstate="Runnable" seed="889940970" result="Passed" start-time="2026-09-06 17:06:07Z" end-time="2026-09-06 17:06:07Z" duration="0.000781" asserts="0">
                <properties>
                  <property name="retryIteration" value="0" />
                  <property name="repeatIteration" value="0" />
                </properties>
              </test-case>
              <test-case id="1093" name="The_coin_grants_one_spendable_mana_without_granting_a_crystal" fullname="CoH.Tests.EditMode.CoinAndModifierTests.The_coin_grants_one_spendable_mana_without_granting_a_crystal" methodname="The_coin_grants_one_spendable_mana_without_granting_a_crystal" classname="CoH.Tests.EditMode.CoinAndModifierTests" runstate="Runnable" seed="400483171" result="Passed" start-time="2026-09-06 17:06:07Z" end-time="2026-09-06 17:06:07Z" duration="0.000579" asserts="0">
                <properties>
                  <property name="retryIteration" value="0" />
                  <property name="repeatIteration" value="0" />
                </properties>
              </test-case>
              <test-case id="1092" name="The_coin_is_a_free_spell_that_can_be_played" fullname="CoH.Tests.EditMode.CoinAndModifierTests.The_coin_is_a_free_spell_that_can_be_played" methodname="The_coin_is_a_free_spell_that_can_be_played" classname="CoH.Tests.EditMode.CoinAndModifierTests" runstate="Runnable" seed="1903443080" result="Passed" start-time="2026-09-06 17:06:07Z" end-time="2026-09-06 17:06:07Z" duration="0.000569" asserts="0">
                <properties>
                  <property name="retryIteration" value="0" />
                  <property name="repeatIteration" value="0" />
                </properties>
              </test-case>
              <test-case id="1094" name="The_mana_from_the_coin_can_actually_be_spent" fullname="CoH.Tests.EditMode.CoinAndModifierTests.The_mana_from_the_coin_can_actually_be_spent" methodname="The_mana_from_the_coin_can_actually_be_spent" classname="CoH.Tests.EditMode.CoinAndModifierTests" runstate="Runnable" seed="581164128" result="Passed" start-time="2026-09-06 17:06:07Z" end-time="2026-09-06 17:06:07Z" duration="0.000742" asserts="0">
                <properties>
                  <property name="retryIteration" value="0" />
                  <property name="repeatIteration" value="0" />
                </properties>
              </test-case>
              <test-case id="1102" name="The_readable_dump_shows_what_a_buff_did" fullname="CoH.Tests.EditMode.CoinAndModifierTests.The_readable_dump_shows_what_a_buff_did" methodname="The_readable_dump_shows_what_a_buff_did" classname="CoH.Tests.EditMode.CoinAndModifierTests" runstate="Runnable" seed="292953427" result="Passed" start-time="2026-09-06 17:06:07Z" end-time="2026-09-06 17:06:07Z" duration="0.002739" asserts="0">
                <properties>
                  <property name="retryIteration" value="0" />
                  <property name="repeatIteration" value="0" />
                </properties>
              </test-case>
            </test-suite>
            <test-suite type="TestFixture" id="1104" name="CoinTests" fullname="CoH.Tests.EditMode.CoinTests" classname="CoH.Tests.EditMode.CoinTests" runstate="Runnable" testcasecount="9" result="Passed" start-time="2026-09-06 17:06:07Z" end-time="2026-09-06 17:06:07Z" duration="0.010263" total="9" passed="9" failed="0" inconclusive="0" skipped="0" asserts="0">
              <properties />
              <test-case id="1110" name="Holding_it_grants_no_mana_by_itself" fullname="CoH.Tests.EditMode.CoinTests.Holding_it_grants_no_mana_by_itself" methodname="Holding_it_grants_no_mana_by_itself" classname="CoH.Tests.EditMode.CoinTests" runstate="Runnable" seed="976559618" result="Passed" start-time="2026-09-06 17:06:07Z" end-time="2026-09-06 17:06:07Z" duration="0.001155" asserts="0">
                <properties>
                  <property name="retryIteration" value="0" />
                  <property name="repeatIteration" value="0" />
                </properties>
              </test-case>
              <test-case id="1106" name="It_arrives_only_once_the_mulligan_is_resolved" fullname="CoH.Tests.EditMode.CoinTests.It_arrives_only_once_the_mulligan_is_resolved" methodname="It_arrives_only_once_the_mulligan_is_resolved" classname="CoH.Tests.EditMode.CoinTests" runstate="Runnable" seed="2029802957" result="Passed" start-time="2026-09-06 17:06:07Z" end-time="2026-09-06 17:06:07Z" duration="0.000744" asserts="0">
                <properties>
                  <property name="retryIteration" value="0" />
                  <property name="repeatIteration" value="0" />
                </properties>
              </test-case>
              <test-case id="1111" name="It_is_a_normal_entity_owned_by_its_holder" fullname="CoH.Tests.EditMode.CoinTests.It_is_a_normal_entity_owned_by_its_holder" methodname="It_is_a_normal_entity_owned_by_its_holder" classname="CoH.Tests.EditMode.CoinTests" runstate="Runnable" seed="399141728" result="Passed" start-time="2026-09-06 17:06:07Z" end-time="2026-09-06 17:06:07Z" duration="0.000815" asserts="0">
                <properties>
                  <property name="retryIteration" value="0" />
                  <property name="repeatIteration" value="0" />
                </properties>
              </test-case>
              <test-case id="1108" name="It_is_not_collectible" fullname="CoH.Tests.EditMode.CoinTests.It_is_not_collectible" methodname="It_is_not_collectible" classname="CoH.Tests.EditMode.CoinTests" runstate="Runnable" seed="89529983" result="Passed" start-time="2026-09-06 17:06:07Z" end-time="2026-09-06 17:06:07Z" duration="0.000461" asserts="0">
                <properties>
                  <property name="retryIteration" value="0" />
                  <property name="repeatIteration" value="0" />
                </properties>
              </test-case>
              <test-case id="1107" name="It_is_the_last_card_of_the_opening_hand" fullname="CoH.Tests.EditMode.CoinTests.It_is_the_last_card_of_the_opening_hand" methodname="It_is_the_last_card_of_the_opening_hand" classname="CoH.Tests.EditMode.CoinTests" runstate="Runnable" seed="727727020" result="Passed" start-time="2026-09-06 17:06:07Z" end-time="2026-09-06 17:06:07Z" duration="0.000683" asserts="0">
                <properties>
                  <property name="retryIteration" value="0" />
                  <property name="repeatIteration" value="0" />
                </properties>
              </test-case>
              <test-case id="1109" name="It_never_came_from_a_deck" fullname="CoH.Tests.EditMode.CoinTests.It_never_came_from_a_deck" methodname="It_never_came_from_a_deck" classname="CoH.Tests.EditMode.CoinTests" runstate="Runnable" seed="1385425929" result="Passed" start-time="2026-09-06 17:06:07Z" end-time="2026-09-06 17:06:07Z" duration="0.000761" asserts="0">
                <properties>
                  <property name="retryIteration" value="0" />
                  <property name="repeatIteration" value="0" />
                </properties>
              </test-case>
              <test-case id="1105" name="Only_the_player_going_second_receives_it" fullname="CoH.Tests.EditMode.CoinTests.Only_the_player_going_second_receives_it" methodname="Only_the_player_going_second_receives_it" classname="CoH.Tests.EditMode.CoinTests" runstate="Runnable" seed="1512412960" result="Passed" start-time="2026-09-06 17:06:07Z" end-time="2026-09-06 17:06:07Z" duration="0.000687" asserts="0">
                <properties>
                  <property name="retryIteration" value="0" />
                  <property name="repeatIteration" value="0" />
                </properties>
              </test-case>
              <test-case id="1113" name="Setup_fails_fast_when_the_configured_extra_card_is_missing" fullname="CoH.Tests.EditMode.CoinTests.Setup_fails_fast_when_the_configured_extra_card_is_missing" methodname="Setup_fails_fast_when_the_configured_extra_card_is_missing" classname="CoH.Tests.EditMode.CoinTests" runstate="Runnable" seed="947373753" result="Passed" start-time="2026-09-06 17:06:07Z" end-time="2026-09-06 17:06:07Z" duration="0.000629" asserts="0">
                <properties>
                  <property name="retryIteration" value="0" />
                  <property name="repeatIteration" value="0" />
                </properties>
              </test-case>
              <test-case id="1112" name="The_extra_card_comes_from_configuration_not_from_a_hardcoded_coin" fullname="CoH.Tests.EditMode.CoinTests.The_extra_card_comes_from_configuration_not_from_a_hardcoded_coin" methodname="The_extra_card_comes_from_configuration_not_from_a_hardcoded_coin" classname="CoH.Tests.EditMode.CoinTests" runstate="Runnable" seed="1239876366" result="Passed" start-time="2026-09-06 17:06:07Z" end-time="2026-09-06 17:06:07Z" duration="0.000769" asserts="0">
                <properties>
                  <property name="retryIteration" value="0" />
                  <property name="repeatIteration" value="0" />
                </properties>
              </test-case>
            </test-suite>
            <test-suite type="TestFixture" id="1114" name="CombatScenarioTests" fullname="CoH.Tests.EditMode.CombatScenarioTests" classname="CoH.Tests.EditMode.CombatScenarioTests" runstate="Runnable" testcasecount="6" result="Passed" start-time="2026-09-06 17:06:07Z" end-time="2026-09-06 17:06:07Z" duration="0.014436" total="6" passed="6" failed="0" inconclusive="0" skipped="0" asserts="0">
              <properties />
              <test-case id="1117" name="A_minion_beats_a_hero_down_over_several_turns" fullname="CoH.Tests.EditMode.CombatScenarioTests.A_minion_beats_a_hero_down_over_several_turns" methodname="A_minion_beats_a_hero_down_over_several_turns" classname="CoH.Tests.EditMode.CombatScenarioTests" runstate="Runnable" seed="40451797" result="Passed" start-time="2026-09-06 17:06:07Z" end-time="2026-09-06 17:06:07Z" duration="0.002404" asserts="0">
                <properties>
                  <property name="retryIteration" value="0" />
                  <property name="repeatIteration" value="0" />
                </properties>
              </test-case>
              <test-case id="1116" name="A_second_trade_the_following_turn_kills_both" fullname="CoH.Tests.EditMode.CombatScenarioTests.A_second_trade_the_following_turn_kills_both" methodname="A_second_trade_the_following_turn_kills_both" classname="CoH.Tests.EditMode.CombatScenarioTests" runstate="Runnable" seed="1230640917" result="Passed" start-time="2026-09-06 17:06:07Z" end-time="2026-09-06 17:06:07Z" duration="0.001658" asserts="0">
                <properties>
                  <property name="retryIteration" value="0" />
                  <property name="repeatIteration" value="0" />
                </properties>
              </test-case>
              <test-case id="1115" name="A_small_match_up_to_the_first_trade" fullname="CoH.Tests.EditMode.CombatScenarioTests.A_small_match_up_to_the_first_trade" methodname="A_small_match_up_to_the_first_trade" classname="CoH.Tests.EditMode.CombatScenarioTests" runstate="Runnable" seed="1452893862" result="Passed" start-time="2026-09-06 17:06:07Z" end-time="2026-09-06 17:06:07Z" duration="0.001939" asserts="0">
                <properties>
                  <property name="retryIteration" value="0" />
                  <property name="repeatIteration" value="0" />
                </properties>
              </test-case>
              <test-case id="1120" name="Summoning_sickness_wears_off_on_the_controllers_next_turn" fullname="CoH.Tests.EditMode.CombatScenarioTests.Summoning_sickness_wears_off_on_the_controllers_next_turn" methodname="Summoning_sickness_wears_off_on_the_controllers_next_turn" classname="CoH.Tests.EditMode.CombatScenarioTests" runstate="Runnable" seed="859558504" result="Passed" start-time="2026-09-06 17:06:07Z" end-time="2026-09-06 17:06:07Z" duration="0.000957" asserts="0">
                <properties>
                  <property name="retryIteration" value="0" />
                  <property name="repeatIteration" value="0" />
                </properties>
              </test-case>
              <test-case id="1118" name="The_match_stops_accepting_commands_once_it_is_won" fullname="CoH.Tests.EditMode.CombatScenarioTests.The_match_stops_accepting_commands_once_it_is_won" methodname="The_match_stops_accepting_commands_once_it_is_won" classname="CoH.Tests.EditMode.CombatScenarioTests" runstate="Runnable" seed="2120670220" result="Passed" start-time="2026-09-06 17:06:07Z" end-time="2026-09-06 17:06:07Z" duration="0.000952" asserts="0">
                <properties>
                  <property name="retryIteration" value="0" />
                  <property name="repeatIteration" value="0" />
                </properties>
              </test-case>
              <test-case id="1119" name="The_same_seed_and_the_same_commands_replay_a_whole_match_identically" fullname="CoH.Tests.EditMode.CombatScenarioTests.The_same_seed_and_the_same_commands_replay_a_whole_match_identically" methodname="The_same_seed_and_the_same_commands_replay_a_whole_match_identically" classname="CoH.Tests.EditMode.CombatScenarioTests" runstate="Runnable" seed="1669616917" result="Passed" start-time="2026-09-06 17:06:07Z" end-time="2026-09-06 17:06:07Z" duration="0.003879" asserts="0">
                <properties>
                  <property name="retryIteration" value="0" />
                  <property name="repeatIteration" value="0" />
                </properties>
              </test-case>
            </test-suite>
            <test-suite type="TestFixture" id="1121" name="CoreAssemblyConstraintsTests" fullname="CoH.Tests.EditMode.CoreAssemblyConstraintsTests" classname="CoH.Tests.EditMode.CoreAssemblyConstraintsTests" runstate="Runnable" testcasecount="2" result="Passed" start-time="2026-09-06 17:06:07Z" end-time="2026-09-06 17:06:07Z" duration="0.002377" total="2" passed="2" failed="0" inconclusive="0" skipped="0" asserts="0">
              <properties />
              <test-case id="1123" name="Core_assembly_does_not_reference_Unity" fullname="CoH.Tests.EditMode.CoreAssemblyConstraintsTests.Core_assembly_does_not_reference_Unity" methodname="Core_assembly_does_not_reference_Unity" classname="CoH.Tests.EditMode.CoreAssemblyConstraintsTests" runstate="Runnable" seed="892328899" result="Passed" start-time="2026-09-06 17:06:07Z" end-time="2026-09-06 17:06:07Z" duration="0.000980" asserts="0">
                <properties>
                  <property name="retryIteration" value="0" />
                  <property name="repeatIteration" value="0" />
                </properties>
              </test-case>
[...]
                  <property name="retryIteration" value="0" />
                  <property name="repeatIteration" value="0" />
                </properties>
              </test-case>
              <test-case id="1806" name="Nothing_below_legendary_gets_a_dragon" fullname="CoH.Tests.VisualEditMode.RealAssetIntegrationTests.Nothing_below_legendary_gets_a_dragon" methodname="Nothing_below_legendary_gets_a_dragon" classname="CoH.Tests.VisualEditMode.RealAssetIntegrationTests" runstate="Runnable" seed="819258209" result="Passed" start-time="2026-09-06 17:06:10Z" end-time="2026-09-06 17:06:10Z" duration="0.000314" asserts="0">
                <properties>
                  <property name="retryIteration" value="0" />
                  <property name="repeatIteration" value="0" />
                </properties>
              </test-case>
              <test-case id="1813" name="Rebuilding_the_visuals_ends_by_putting_the_real_components_back" fullname="CoH.Tests.VisualEditMode.RealAssetIntegrationTests.Rebuilding_the_visuals_ends_by_putting_the_real_components_back" methodname="Rebuilding_the_visuals_ends_by_putting_the_real_components_back" classname="CoH.Tests.VisualEditMode.RealAssetIntegrationTests" runstate="Runnable" seed="458545443" result="Passed" start-time="2026-09-06 17:06:10Z" end-time="2026-09-06 17:06:10Z" duration="0.001160" asserts="0">
                <properties>
                  <property name="retryIteration" value="0" />
                  <property name="repeatIteration" value="0" />
                </properties>
              </test-case>
              <test-case id="1814" name="The_catalog_is_holding_imported_components" fullname="CoH.Tests.VisualEditMode.RealAssetIntegrationTests.The_catalog_is_holding_imported_components" methodname="The_catalog_is_holding_imported_components" classname="CoH.Tests.VisualEditMode.RealAssetIntegrationTests" runstate="Runnable" seed="1438316855" result="Passed" start-time="2026-09-06 17:06:10Z" end-time="2026-09-06 17:06:10Z" duration="0.000451" asserts="0">
                <properties>
                  <property name="retryIteration" value="0" />
                  <property name="repeatIteration" value="0" />
                </properties>
              </test-case>
              <test-case id="1810" name="The_rectangles_differ_wherever_the_renderer_says_they_do" fullname="CoH.Tests.VisualEditMode.RealAssetIntegrationTests.The_rectangles_differ_wherever_the_renderer_says_they_do" methodname="The_rectangles_differ_wherever_the_renderer_says_they_do" classname="CoH.Tests.VisualEditMode.RealAssetIntegrationTests" runstate="Runnable" seed="1397411798" result="Passed" start-time="2026-09-06 17:06:10Z" end-time="2026-09-06 17:06:10Z" duration="0.000789" asserts="0">
                <properties>
                  <property name="retryIteration" value="0" />
                  <property name="repeatIteration" value="0" />
                </properties>
              </test-case>
              <test-case id="1815" name="Two_cards_of_the_same_kind_compose_to_the_same_pictures" fullname="CoH.Tests.VisualEditMode.RealAssetIntegrationTests.Two_cards_of_the_same_kind_compose_to_the_same_pictures" methodname="Two_cards_of_the_same_kind_compose_to_the_same_pictures" classname="CoH.Tests.VisualEditMode.RealAssetIntegrationTests" runstate="Runnable" seed="1129747832" result="Passed" start-time="2026-09-06 17:06:10Z" end-time="2026-09-06 17:06:10Z" duration="0.000539" asserts="0">
                <properties>
                  <property name="retryIteration" value="0" />
                  <property name="repeatIteration" value="0" />
                </properties>
              </test-case>
            </test-suite>
            <test-suite type="TestFixture" id="1816" name="SpellDamageTextFormatterTests" fullname="CoH.Tests.VisualEditMode.SpellDamageTextFormatterTests" classname="CoH.Tests.VisualEditMode.SpellDamageTextFormatterTests" runstate="Runnable" testcasecount="13" result="Passed" start-time="2026-09-06 17:06:10Z" end-time="2026-09-06 17:06:10Z" duration="0.004848" total="13" passed="13" failed="0" inconclusive="0" skipped="0" asserts="0">
              <properties />
              <test-case id="1828" name="A_non_damage_action_is_never_highlighted" fullname="CoH.Tests.VisualEditMode.SpellDamageTextFormatterTests.A_non_damage_action_is_never_highlighted" methodname="A_non_damage_action_is_never_highlighted" classname="CoH.Tests.VisualEditMode.SpellDamageTextFormatterTests" runstate="Runnable" seed="382746857" result="Passed" start-time="2026-09-06 17:06:10Z" end-time="2026-09-06 17:06:10Z" duration="0.000484" asserts="0">
                <properties>
                  <property name="retryIteration" value="0" />
                  <property name="repeatIteration" value="0" />
                </properties>
              </test-case>
              <test-suite type="ParameterizedMethod" id="1827" name="Damage_from_a_non_spell_trigger_is_never_highlighted" fullname="CoH.Tests.VisualEditMode.SpellDamageTextFormatterTests.Damage_from_a_non_spell_trigger_is_never_highlighted" classname="CoH.Tests.VisualEditMode.SpellDamageTextFormatterTests" runstate="Runnable" testcasecount="3" result="Passed" start-time="2026-09-06 17:06:10Z" end-time="2026-09-06 17:06:10Z" duration="0.000953" total="3" passed="3" failed="0" inconclusive="0" skipped="0" asserts="0">
                <properties />
                <test-case id="1824" name="Damage_from_a_non_spell_trigger_is_never_highlighted(HeroPower)" fullname="CoH.Tests.VisualEditMode.SpellDamageTextFormatterTests.Damage_from_a_non_spell_trigger_is_never_highlighted(HeroPower)" methodname="Damage_from_a_non_spell_trigger_is_never_highlighted" classname="CoH.Tests.VisualEditMode.SpellDamageTextFormatterTests" runstate="Runnable" seed="2133168591" result="Passed" start-time="2026-09-06 17:06:10Z" end-time="2026-09-06 17:06:10Z" duration="0.000287" asserts="0">
                  <properties>
                    <property name="retryIteration" value="0" />
                    <property name="repeatIteration" value="0" />
                  </properties>
                </test-case>
                <test-case id="1825" name="Damage_from_a_non_spell_trigger_is_never_highlighted(Battlecry)" fullname="CoH.Tests.VisualEditMode.SpellDamageTextFormatterTests.Damage_from_a_non_spell_trigger_is_never_highlighted(Battlecry)" methodname="Damage_from_a_non_spell_trigger_is_never_highlighted" classname="CoH.Tests.VisualEditMode.SpellDamageTextFormatterTests" runstate="Runnable" seed="1782851439" result="Passed" start-time="2026-09-06 17:06:10Z" end-time="2026-09-06 17:06:10Z" duration="0.000074" asserts="0">
                  <properties>
                    <property name="retryIteration" value="0" />
                    <property name="repeatIteration" value="0" />
                  </properties>
                </test-case>
                <test-case id="1826" name="Damage_from_a_non_spell_trigger_is_never_highlighted(Deathrattle)" fullname="CoH.Tests.VisualEditMode.SpellDamageTextFormatterTests.Damage_from_a_non_spell_trigger_is_never_highlighted(Deathrattle)" methodname="Damage_from_a_non_spell_trigger_is_never_highlighted" classname="CoH.Tests.VisualEditMode.SpellDamageTextFormatterTests" runstate="Runnable" seed="1241127986" result="Passed" start-time="2026-09-06 17:06:10Z" end-time="2026-09-06 17:06:10Z" duration="0.000078" asserts="0">
                  <properties>
                    <property name="retryIteration" value="0" />
                    <property name="repeatIteration" value="0" />
                  </properties>
                </test-case>
              </test-suite>
              <test-case id="1830" name="Empty_or_null_text_is_returned_as_is" fullname="CoH.Tests.VisualEditMode.SpellDamageTextFormatterTests.Empty_or_null_text_is_returned_as_is" methodname="Empty_or_null_text_is_returned_as_is" classname="CoH.Tests.VisualEditMode.SpellDamageTextFormatterTests" runstate="Runnable" seed="962404389" result="Passed" start-time="2026-09-06 17:06:10Z" end-time="2026-09-06 17:06:10Z" duration="0.000162" asserts="0">
                <properties>
                  <property name="retryIteration" value="0" />
                  <property name="repeatIteration" value="0" />
                </properties>
              </test-case>
              <test-case id="1829" name="No_effects_leaves_the_text_unchanged" fullname="CoH.Tests.VisualEditMode.SpellDamageTextFormatterTests.No_effects_leaves_the_text_unchanged" methodname="No_effects_leaves_the_text_unchanged" classname="CoH.Tests.VisualEditMode.SpellDamageTextFormatterTests" runstate="Runnable" seed="746989400" result="Passed" start-time="2026-09-06 17:06:10Z" end-time="2026-09-06 17:06:10Z" duration="0.000130" asserts="0">
                <properties>
                  <property name="retryIteration" value="0" />
                  <property name="repeatIteration" value="0" />
                </properties>
              </test-case>
              <test-case id="1823" name="Only_the_damage_number_changes_not_unrelated_numbers_in_the_same_text" fullname="CoH.Tests.VisualEditMode.SpellDamageTextFormatterTests.Only_the_damage_number_changes_not_unrelated_numbers_in_the_same_text" methodname="Only_the_damage_number_changes_not_unrelated_numbers_in_the_same_text" classname="CoH.Tests.VisualEditMode.SpellDamageTextFormatterTests" runstate="Runnable" seed="363925544" result="Passed" start-time="2026-09-06 17:06:10Z" end-time="2026-09-06 17:06:10Z" duration="0.000594" asserts="0">
                <properties>
                  <property name="retryIteration" value="0" />
                  <property name="repeatIteration" value="0" />
                </properties>
              </test-case>
              <test-case id="1820" name="The_boosted_number_is_marked_with_the_hearthstone_style_asterisks" fullname="CoH.Tests.VisualEditMode.SpellDamageTextFormatterTests.The_boosted_number_is_marked_with_the_hearthstone_style_asterisks" methodname="The_boosted_number_is_marked_with_the_hearthstone_style_asterisks" classname="CoH.Tests.VisualEditMode.SpellDamageTextFormatterTests" runstate="Runnable" seed="677957047" result="Passed" start-time="2026-09-06 17:06:10Z" end-time="2026-09-06 17:06:10Z" duration="0.000188" asserts="0">
                <properties>
                  <property name="retryIteration" value="0" />
                  <property name="repeatIteration" value="0" />
                </properties>
              </test-case>
              <test-case id="1821" name="The_boosted_number_is_wrapped_in_the_highlight_colour" fullname="CoH.Tests.VisualEditMode.SpellDamageTextFormatterTests.The_boosted_number_is_wrapped_in_the_highlight_colour" methodname="The_boosted_number_is_wrapped_in_the_highlight_colour" classname="CoH.Tests.VisualEditMode.SpellDamageTextFormatterTests" runstate="Runnable" seed="491642927" result="Passed" start-time="2026-09-06 17:06:10Z" end-time="2026-09-06 17:06:10Z" duration="0.000155" asserts="0">
                <properties>
                  <property name="retryIteration" value="0" />
                  <property name="repeatIteration" value="0" />
                </properties>
              </test-case>
              <test-case id="1822" name="Two_spell_damage_scales_the_printed_number_by_two" fullname="CoH.Tests.VisualEditMode.SpellDamageTextFormatterTests.Two_spell_damage_scales_the_printed_number_by_two" methodname="Two_spell_damage_scales_the_printed_number_by_two" classname="CoH.Tests.VisualEditMode.SpellDamageTextFormatterTests" runstate="Runnable" seed="981173104" result="Passed" start-time="2026-09-06 17:06:10Z" end-time="2026-09-06 17:06:10Z" duration="0.000129" asserts="0">
                <properties>
                  <property name="retryIteration" value="0" />
                  <property name="repeatIteration" value="0" />
                </properties>
              </test-case>
              <test-case id="1818" name="With_no_spell_damage_the_exact_same_string_reference_is_returned" fullname="CoH.Tests.VisualEditMode.SpellDamageTextFormatterTests.With_no_spell_damage_the_exact_same_string_reference_is_returned" methodname="With_no_spell_damage_the_exact_same_string_reference_is_returned" classname="CoH.Tests.VisualEditMode.SpellDamageTextFormatterTests" runstate="Runnable" seed="63390937" result="Passed" start-time="2026-09-06 17:06:10Z" end-time="2026-09-06 17:06:10Z" duration="0.000144" asserts="0">
                <properties>
                  <property name="retryIteration" value="0" />
                  <property name="repeatIteration" value="0" />
                </properties>
              </test-case>
              <test-case id="1817" name="With_no_spell_damage_the_text_is_returned_unchanged" fullname="CoH.Tests.VisualEditMode.SpellDamageTextFormatterTests.With_no_spell_damage_the_text_is_returned_unchanged" methodname="With_no_spell_damage_the_text_is_returned_unchanged" classname="CoH.Tests.VisualEditMode.SpellDamageTextFormatterTests" runstate="Runnable" seed="1156193345" result="Passed" start-time="2026-09-06 17:06:10Z" end-time="2026-09-06 17:06:10Z" duration="0.000113" asserts="0">
                <properties>
                  <property name="retryIteration" value="0" />
                  <property name="repeatIteration" value="0" />
                </properties>
              </test-case>
              <test-case id="1819" name="With_spell_damage_the_printed_number_is_replaced_by_the_effective_one" fullname="CoH.Tests.VisualEditMode.SpellDamageTextFormatterTests.With_spell_damage_the_printed_number_is_replaced_by_the_effective_one" methodname="With_spell_damage_the_printed_number_is_replaced_by_the_effective_one" classname="CoH.Tests.VisualEditMode.SpellDamageTextFormatterTests" runstate="Runnable" seed="54650606" result="Passed" start-time="2026-09-06 17:06:10Z" end-time="2026-09-06 17:06:10Z" duration="0.000185" asserts="0">
                <properties>
                  <property name="retryIteration" value="0" />
                  <property name="repeatIteration" value="0" />
                </properties>
              </test-case>
            </test-suite>
            <test-suite type="TestFixture" id="1831" name="TitleFontRoleTests" fullname="CoH.Tests.VisualEditMode.TitleFontRoleTests" classname="CoH.Tests.VisualEditMode.TitleFontRoleTests" runstate="Runnable" testcasecount="7" result="Passed" start-time="2026-09-06 17:06:10Z" end-time="2026-09-06 17:06:10Z" duration="0.053726" total="7" passed="7" failed="0" inconclusive="0" skipped="0" asserts="0">
              <properties />
              <test-case id="1832" name="A_minions_title_is_set_in_the_projects_title_font" fullname="CoH.Tests.VisualEditMode.TitleFontRoleTests.A_minions_title_is_set_in_the_projects_title_font" methodname="A_minions_title_is_set_in_the_projects_title_font" classname="CoH.Tests.VisualEditMode.TitleFontRoleTests" runstate="Runnable" seed="467756257" result="Passed" start-time="2026-09-06 17:06:10Z" end-time="2026-09-06 17:06:10Z" duration="0.003802" asserts="0">
                <properties>
                  <property name="retryIteration" value="0" />
                  <property name="repeatIteration" value="0" />
                </properties>
              </test-case>
              <test-case id="1833" name="A_spells_title_is_set_in_the_same_title_font_as_a_minions" fullname="CoH.Tests.VisualEditMode.TitleFontRoleTests.A_spells_title_is_set_in_the_same_title_font_as_a_minions" methodname="A_spells_title_is_set_in_the_same_title_font_as_a_minions" classname="CoH.Tests.VisualEditMode.TitleFontRoleTests" runstate="Runnable" seed="1554193555" result="Passed" start-time="2026-09-06 17:06:10Z" end-time="2026-09-06 17:06:10Z" duration="0.005359" asserts="0">
                <properties>
                  <property name="retryIteration" value="0" />
                  <property name="repeatIteration" value="0" />
                </properties>
              </test-case>
              <test-case id="1838" name="Every_card_type_agrees_with_every_other_on_the_font_for_each_text_slot" fullname="CoH.Tests.VisualEditMode.TitleFontRoleTests.Every_card_type_agrees_with_every_other_on_the_font_for_each_text_slot" methodname="Every_card_type_agrees_with_every_other_on_the_font_for_each_text_slot" classname="CoH.Tests.VisualEditMode.TitleFontRoleTests" runstate="Runnable" seed="1615283794" result="Passed" start-time="2026-09-06 17:06:10Z" end-time="2026-09-06 17:06:10Z" duration="0.022414" asserts="0">
                <properties>
                  <property name="retryIteration" value="0" />
                  <property name="repeatIteration" value="0" />
                </properties>
              </test-case>
              <test-case id="1836" name="Every_card_type_that_prints_a_title_prints_it_in_the_projects_title_font" fullname="CoH.Tests.VisualEditMode.TitleFontRoleTests.Every_card_type_that_prints_a_title_prints_it_in_the_projects_title_font" methodname="Every_card_type_that_prints_a_title_prints_it_in_the_projects_title_font" classname="CoH.Tests.VisualEditMode.TitleFontRoleTests" runstate="Runnable" seed="2027384067" result="Passed" start-time="2026-09-06 17:06:10Z" end-time="2026-09-06 17:06:10Z" duration="0.011870" asserts="0">
                <properties>
                  <property name="retryIteration" value="0" />
                  <property name="repeatIteration" value="0" />
                </properties>
              </test-case>
              <test-case id="1835" name="Every_layer_that_draws_a_title_uses_a_style_marked_as_the_title_role" fullname="CoH.Tests.VisualEditMode.TitleFontRoleTests.Every_layer_that_draws_a_title_uses_a_style_marked_as_the_title_role" methodname="Every_layer_that_draws_a_title_uses_a_style_marked_as_the_title_role" classname="CoH.Tests.VisualEditMode.TitleFontRoleTests" runstate="Runnable" seed="982720352" result="Passed" start-time="2026-09-06 17:06:10Z" end-time="2026-09-06 17:06:10Z" duration="0.000589" asserts="0">
                <properties>
                  <property name="retryIteration" value="0" />
                  <property name="repeatIteration" value="0" />
                </properties>
              </test-case>
              <test-case id="1837" name="No_semantic_text_slot_is_served_by_layers_that_disagree_on_role" fullname="CoH.Tests.VisualEditMode.TitleFontRoleTests.No_semantic_text_slot_is_served_by_layers_that_disagree_on_role" methodname="No_semantic_text_slot_is_served_by_layers_that_disagree_on_role" classname="CoH.Tests.VisualEditMode.TitleFontRoleTests" runstate="Runnable" seed="1178467080" result="Passed" start-time="2026-09-06 17:06:10Z" end-time="2026-09-06 17:06:10Z" duration="0.003899" asserts="0">
                <properties>
                  <property name="retryIteration" value="0" />
                  <property name="repeatIteration" value="0" />
                </properties>
              </test-case>
              <test-case id="1834" name="Rules_text_still_resolves_through_the_rules_font_on_both_kinds_of_card" fullname="CoH.Tests.VisualEditMode.TitleFontRoleTests.Rules_text_still_resolves_through_the_rules_font_on_both_kinds_of_card" methodname="Rules_text_still_resolves_through_the_rules_font_on_both_kinds_of_card" classname="CoH.Tests.VisualEditMode.TitleFontRoleTests" runstate="Runnable" seed="845759757" result="Passed" start-time="2026-09-06 17:06:10Z" end-time="2026-09-06 17:06:10Z" duration="0.003854" asserts="0">
                <properties>
                  <property name="retryIteration" value="0" />
                  <property name="repeatIteration" value="0" />
                </properties>
                <output><![CDATA[Saving results to: C:/Users/Utilisateur/AppData/LocalLow/Icelios/Conquest of Hearthstone\TestResults.xml
]]></output>
              </test-case>
            </test-suite>
          </test-suite>
        </test-suite>
      </test-suite>
    </test-suite>
  </test-suite>
</test-run>